  [1m[36m (20.4ms)[0m  [1mCREATE TABLE "schema_migrations" ("version" varchar(255) NOT NULL) [0m
  [1m[35m (3.1ms)[0m  CREATE UNIQUE INDEX "unique_schema_migrations" ON "schema_migrations" ("version")
  [1m[36mActiveRecord::SchemaMigration Load (0.2ms)[0m  [1mSELECT "schema_migrations".* FROM "schema_migrations"[0m
Migrating to DeviseCreateUsers (20131026053326)
  [1m[35m (0.1ms)[0m  begin transaction
  [1m[36m (3.1ms)[0m  [1mCREATE TABLE "users" ("id" INTEGER PRIMARY KEY AUTOINCREMENT NOT NULL, "email" varchar(255) DEFAULT '' NOT NULL, "encrypted_password" varchar(255) DEFAULT '' NOT NULL, "reset_password_token" varchar(255), "reset_password_sent_at" datetime, "remember_created_at" datetime, "sign_in_count" integer DEFAULT 0 NOT NULL, "current_sign_in_at" datetime, "last_sign_in_at" datetime, "current_sign_in_ip" varchar(255), "last_sign_in_ip" varchar(255), "created_at" datetime, "updated_at" datetime) [0m
  [1m[35m (9.8ms)[0m  CREATE UNIQUE INDEX "index_users_on_email" ON "users" ("email")
  [1m[36m (0.4ms)[0m  [1mCREATE UNIQUE INDEX "index_users_on_reset_password_token" ON "users" ("reset_password_token")[0m
  [1m[35mSQL (0.4ms)[0m  INSERT INTO "schema_migrations" ("version") VALUES (?)  [["version", "20131026053326"]]
  [1m[36m (3.5ms)[0m  [1mcommit transaction[0m
  [1m[35mActiveRecord::SchemaMigration Load (0.1ms)[0m  SELECT "schema_migrations".* FROM "schema_migrations"


Started GET "/" for 172.16.12.1 at 2013-10-25 22:42:07 -0700
  [1m[36mActiveRecord::SchemaMigration Load (0.2ms)[0m  [1mSELECT "schema_migrations".* FROM "schema_migrations"[0m
Processing by Rails::WelcomeController#index as HTML
  Rendered /home/kgluce/.rvm/gems/ruby-2.0.0-p247/gems/railties-4.0.0/lib/rails/templates/rails/welcome/index.html.erb (4.6ms)
Completed 200 OK in 90ms (Views: 25.6ms | ActiveRecord: 0.0ms)


Started GET "/" for 172.16.12.1 at 2013-10-25 22:48:22 -0700
  [1m[36mActiveRecord::SchemaMigration Load (0.2ms)[0m  [1mSELECT "schema_migrations".* FROM "schema_migrations"[0m
Processing by HomeController#index as HTML
Completed 401 Unauthorized in 117ms


Started GET "/users/sign_in" for 172.16.12.1 at 2013-10-25 22:48:22 -0700
Processing by Devise::SessionsController#new as HTML
  Rendered devise/shared/_links.erb (8.4ms)
  Rendered devise/sessions/new.html.erb within layouts/application (84.3ms)
Completed 200 OK in 2572ms (Views: 2307.7ms | ActiveRecord: 0.9ms)


Started GET "/assets/application.css?body=1" for 172.16.12.1 at 2013-10-25 22:48:25 -0700


Started GET "/assets/home.css?body=1" for 172.16.12.1 at 2013-10-25 22:48:25 -0700


Started GET "/assets/jquery.js?body=1" for 172.16.12.1 at 2013-10-25 22:48:25 -0700


Started GET "/assets/home.js?body=1" for 172.16.12.1 at 2013-10-25 22:48:25 -0700


Started GET "/assets/application.js?body=1" for 172.16.12.1 at 2013-10-25 22:48:25 -0700


Started GET "/assets/jquery_ujs.js?body=1" for 172.16.12.1 at 2013-10-25 22:48:26 -0700


Started GET "/assets/turbolinks.js?body=1" for 172.16.12.1 at 2013-10-25 22:48:26 -0700


Started GET "/users/sign_up" for 172.16.12.1 at 2013-10-25 22:48:36 -0700
Processing by Devise::RegistrationsController#new as HTML
  Rendered devise/shared/_links.erb (0.7ms)
  Rendered devise/registrations/new.html.erb within layouts/application (11.2ms)
Completed 200 OK in 27ms (Views: 23.3ms | ActiveRecord: 0.0ms)
